<?xml version="1.0" encoding="UTF-8"?>
<!-- Generated by org.testng.reporters.JUnitReportReporter -->
<testsuite skipped="9" hostname="developerpc-11" name="epicList_Chrome_Account_User.AddEditDelete_Modifiers" tests="12" failures="0" timestamp="2022-04-28T09:45:39 IST" time="257.337" errors="0">
  <testcase name="login" time="126.640" classname="epicList_Chrome_Account_User.AddEditDelete_Modifiers"/>
  <system-out/>
  <testcase name="calling" time="117.228" classname="epicList_Chrome_Account_User.AddEditDelete_Modifiers"/>
  <system-out/>
  <testcase name="logout" time="13.469" classname="epicList_Chrome_Account_User.AddEditDelete_Modifiers"/>
  <system-out/>
  <testcase name="Modifiers_method_inactiveAndActive_Button" classname="epicList_Chrome_Account_User.AddEditDelete_Modifiers">
    <skipped/>
  </testcase> <!-- Modifiers_method_inactiveAndActive_Button -->
  <system-out/>
  <testcase name="Modifiers_method_cancelModifier_BasicDetails" classname="epicList_Chrome_Account_User.AddEditDelete_Modifiers">
    <skipped/>
  </testcase> <!-- Modifiers_method_cancelModifier_BasicDetails -->
  <system-out/>
  <testcase name="Modifiers_method_edit_Modifiers" classname="epicList_Chrome_Account_User.AddEditDelete_Modifiers">
    <skipped/>
  </testcase> <!-- Modifiers_method_edit_Modifiers -->
  <system-out/>
  <testcase name="Modifiers_method_add_Modifiers" classname="epicList_Chrome_Account_User.AddEditDelete_Modifiers">
    <skipped/>
  </testcase> <!-- Modifiers_method_add_Modifiers -->
  <system-out/>
  <testcase name="Modifiers_method_delete_Modifier" classname="epicList_Chrome_Account_User.AddEditDelete_Modifiers">
    <skipped/>
  </testcase> <!-- Modifiers_method_delete_Modifier -->
  <system-out/>
  <testcase name="Modifiers_method_openModifiers" classname="epicList_Chrome_Account_User.AddEditDelete_Modifiers">
    <skipped/>
  </testcase> <!-- Modifiers_method_openModifiers -->
  <system-out/>
  <testcase name="Modifiers_method_cancelModifier_Prefixes" classname="epicList_Chrome_Account_User.AddEditDelete_Modifiers">
    <skipped/>
  </testcase> <!-- Modifiers_method_cancelModifier_Prefixes -->
  <system-out/>
  <testcase name="Modifiers_method_refreshModifiers_Page" classname="epicList_Chrome_Account_User.AddEditDelete_Modifiers">
    <skipped/>
  </testcase> <!-- Modifiers_method_refreshModifiers_Page -->
  <system-out/>
  <testcase name="Modifiers_method_add_Modifiers_Save_BasicDetails" classname="epicList_Chrome_Account_User.AddEditDelete_Modifiers">
    <skipped/>
  </testcase> <!-- Modifiers_method_add_Modifiers_Save_BasicDetails -->
  <system-out/>
</testsuite> <!-- epicList_Chrome_Account_User.AddEditDelete_Modifiers -->
