<?xml version="1.0" encoding="UTF-8"?>
<!-- Generated by org.testng.reporters.JUnitReportReporter -->
<testsuite skipped="3" hostname="developerpc-11" name="epicList_Chrome_Account_User.Verify_Enterprise_SaleRecap_Report" tests="6" failures="0" timestamp="2022-04-22T12:10:55 IST" time="251.780" errors="0">
  <testcase name="login" time="126.511" classname="epicList_Chrome_Account_User.Verify_Enterprise_SaleRecap_Report"/>
  <system-out/>
  <testcase name="calling" time="111.632" classname="epicList_Chrome_Account_User.Verify_Enterprise_SaleRecap_Report"/>
  <system-out/>
  <testcase name="logout" time="13.637" classname="epicList_Chrome_Account_User.Verify_Enterprise_SaleRecap_Report"/>
  <system-out/>
  <testcase name="SaleRecap_Enterprise_Report_Method_For_Non_Close_Sales" classname="epicList_Chrome_Account_User.Verify_Enterprise_SaleRecap_Report">
    <skipped/>
  </testcase> <!-- SaleRecap_Enterprise_Report_Method_For_Non_Close_Sales -->
  <system-out/>
  <testcase name="SaleRecap_Enterprise_Report_Method_For_Timeperiod" classname="epicList_Chrome_Account_User.Verify_Enterprise_SaleRecap_Report">
    <skipped/>
  </testcase> <!-- SaleRecap_Enterprise_Report_Method_For_Timeperiod -->
  <system-out/>
  <testcase name="SaleRecap_Enterprise_Report_Method_For_openpage" classname="epicList_Chrome_Account_User.Verify_Enterprise_SaleRecap_Report">
    <skipped/>
  </testcase> <!-- SaleRecap_Enterprise_Report_Method_For_openpage -->
  <system-out/>
</testsuite> <!-- epicList_Chrome_Account_User.Verify_Enterprise_SaleRecap_Report -->
