<?xml version="1.0" encoding="UTF-8"?>
<!-- Generated by org.testng.reporters.JUnitReportReporter -->
<testsuite skipped="7" hostname="developerpc-11" name="epicList_Chrome_Account_User.AddEditDelete_AttachRequest_Reason" tests="10" failures="0" timestamp="2022-04-28T06:50:57 PDT" time="346.260" errors="0">
  <testcase name="login" time="128.629" classname="epicList_Chrome_Account_User.AddEditDelete_AttachRequest_Reason"/>
  <system-out/>
  <testcase name="calling" time="206.147" classname="epicList_Chrome_Account_User.AddEditDelete_AttachRequest_Reason"/>
  <system-out/>
  <testcase name="logout" time="11.484" classname="epicList_Chrome_Account_User.AddEditDelete_AttachRequest_Reason"/>
  <system-out/>
  <testcase name="Reason_Attach_Request_verifyActive_InActiveButton" classname="epicList_Chrome_Account_User.AddEditDelete_AttachRequest_Reason">
    <skipped/>
  </testcase> <!-- Reason_Attach_Request_verifyActive_InActiveButton -->
  <system-out/>
  <testcase name="Reason_Attach_Request_addAttachRequestReasons" classname="epicList_Chrome_Account_User.AddEditDelete_AttachRequest_Reason">
    <skipped/>
  </testcase> <!-- Reason_Attach_Request_addAttachRequestReasons -->
  <system-out/>
  <testcase name="Reason_Attach_Request_deleteAttachRequestReasons" classname="epicList_Chrome_Account_User.AddEditDelete_AttachRequest_Reason">
    <skipped/>
  </testcase> <!-- Reason_Attach_Request_deleteAttachRequestReasons -->
  <system-out/>
  <testcase name="Reason_Attach_Request_openAttachRequestReasons" classname="epicList_Chrome_Account_User.AddEditDelete_AttachRequest_Reason">
    <skipped/>
  </testcase> <!-- Reason_Attach_Request_openAttachRequestReasons -->
  <system-out/>
  <testcase name="Reason_Attach_Request_refreshAttachRequestReasons" classname="epicList_Chrome_Account_User.AddEditDelete_AttachRequest_Reason">
    <skipped/>
  </testcase> <!-- Reason_Attach_Request_refreshAttachRequestReasons -->
  <system-out/>
  <testcase name="Reason_Attach_Request_editAttachRequestReasons" classname="epicList_Chrome_Account_User.AddEditDelete_AttachRequest_Reason">
    <skipped/>
  </testcase> <!-- Reason_Attach_Request_editAttachRequestReasons -->
  <system-out/>
  <testcase name="Reason_Attach_Request_closeButton" classname="epicList_Chrome_Account_User.AddEditDelete_AttachRequest_Reason">
    <skipped/>
  </testcase> <!-- Reason_Attach_Request_closeButton -->
  <system-out/>
</testsuite> <!-- epicList_Chrome_Account_User.AddEditDelete_AttachRequest_Reason -->
