<?xml version="1.0" encoding="UTF-8"?>
<!-- Generated by org.testng.reporters.JUnitReportReporter -->
<testsuite hostname="Sudharsan-QA-Laptop-IN" failures="0" tests="4" name="epicList_Chrome_Account_User.Sale_Recap_Report_Validation" time="503.166" errors="0" timestamp="16 Dec 2022 11:01:46 GMT">
  <testcase classname="epicList_Chrome_Account_User.Sale_Recap_Report_Validation" name="Start_Reports" time="32.091"/>
  <testcase classname="epicList_Chrome_Account_User.Sale_Recap_Report_Validation" name="calling" time="233.575"/>
  <testcase classname="epicList_Chrome_Account_User.Sale_Recap_Report_Validation" name="login" time="193.639"/>
  <testcase classname="epicList_Chrome_Account_User.Sale_Recap_Report_Validation" name="logout" time="43.861"/>
</testsuite> <!-- epicList_Chrome_Account_User.Sale_Recap_Report_Validation -->
