<?xml version="1.0" encoding="UTF-8"?>
<!-- Generated by org.testng.reporters.JUnitReportReporter -->
<testsuite skipped="15" hostname="developerpc-11" name="epicList_Chrome_Account_User.Tax_Round_Off_Validation" tests="19" failures="0" timestamp="2022-05-20T14:11:34 IST" time="368.685" errors="1">
  <testcase name="login" time="158.282" classname="epicList_Chrome_Account_User.Tax_Round_Off_Validation"/>
  <system-out/>
  <testcase name="Start_Reports" time="32.110" classname="epicList_Chrome_Account_User.Tax_Round_Off_Validation"/>
  <system-out/>
  <testcase name="calling" time="132.154" classname="epicList_Chrome_Account_User.Tax_Round_Off_Validation">
    <error type="java.lang.NumberFormatException" message="empty String">
      <![CDATA[java.lang.NumberFormatException: empty String
at sun.misc.FloatingDecimal.readJavaFormatString(FloatingDecimal.java:1842)
at sun.misc.FloatingDecimal.parseFloat(FloatingDecimal.java:122)
at java.lang.Float.parseFloat(Float.java:451)
at epicList_Chrome_Account_User.Tax_Round_Off_Validation.online_Sale_Report_Tax_Validation(Tax_Round_Off_Validation.java:3524)
at epicList_Chrome_Account_User.Tax_Round_Off_Validation.calling(Tax_Round_Off_Validation.java:106)
at sun.reflect.NativeMethodAccessorImpl.invoke0(Native Method)
at sun.reflect.NativeMethodAccessorImpl.invoke(NativeMethodAccessorImpl.java:62)
at sun.reflect.DelegatingMethodAccessorImpl.invoke(DelegatingMethodAccessorImpl.java:43)
at java.lang.reflect.Method.invoke(Method.java:498)
at org.testng.internal.MethodInvocationHelper.invokeMethod(MethodInvocationHelper.java:134)
at org.testng.internal.TestInvoker.invokeMethod(TestInvoker.java:597)
at org.testng.internal.TestInvoker.invokeTestMethod(TestInvoker.java:173)
at org.testng.internal.MethodRunner.runInSequence(MethodRunner.java:46)
at org.testng.internal.TestInvoker$MethodInvocationAgent.invoke(TestInvoker.java:816)
at org.testng.internal.TestInvoker.invokeTestMethods(TestInvoker.java:146)
at org.testng.internal.TestMethodWorker.invokeTestMethods(TestMethodWorker.java:146)
at org.testng.internal.TestMethodWorker.run(TestMethodWorker.java:128)
at java.util.ArrayList.forEach(ArrayList.java:1257)
at org.testng.TestRunner.privateRun(TestRunner.java:766)
at org.testng.TestRunner.run(TestRunner.java:587)
at org.testng.SuiteRunner.runTest(SuiteRunner.java:384)
at org.testng.SuiteRunner.runSequentially(SuiteRunner.java:378)
at org.testng.SuiteRunner.privateRun(SuiteRunner.java:337)
at org.testng.SuiteRunner.run(SuiteRunner.java:286)
at org.testng.SuiteRunnerWorker.runSuite(SuiteRunnerWorker.java:53)
at org.testng.SuiteRunnerWorker.run(SuiteRunnerWorker.java:96)
at org.testng.TestNG.runSuitesSequentially(TestNG.java:1187)
at org.testng.TestNG.runSuitesLocally(TestNG.java:1109)
at org.testng.TestNG.runSuites(TestNG.java:1039)
at org.testng.TestNG.run(TestNG.java:1007)
at org.testng.remote.AbstractRemoteTestNG.run(AbstractRemoteTestNG.java:115)
at org.testng.remote.RemoteTestNG.initAndRun(RemoteTestNG.java:251)
at org.testng.remote.RemoteTestNG.main(RemoteTestNG.java:77)
]]>
    </error>
  </testcase> <!-- calling -->
  <system-out/>
  <testcase name="logout" time="46.139" classname="epicList_Chrome_Account_User.Tax_Round_Off_Validation"/>
  <system-out/>
  <testcase name="Tax_Report_Method_verify" classname="epicList_Chrome_Account_User.Tax_Round_Off_Validation">
    <skipped/>
  </testcase> <!-- Tax_Report_Method_verify -->
  <system-out/>
  <testcase name="DailySale_Sale_Report_Tax_Validation" classname="epicList_Chrome_Account_User.Tax_Round_Off_Validation">
    <skipped/>
  </testcase> <!-- DailySale_Sale_Report_Tax_Validation -->
  <system-out/>
  <testcase name="SubCategory_Sale_Report_Tax_Validation" classname="epicList_Chrome_Account_User.Tax_Round_Off_Validation">
    <skipped/>
  </testcase> <!-- SubCategory_Sale_Report_Tax_Validation -->
  <system-out/>
  <testcase name="Tax_Report_Method_viewPage" classname="epicList_Chrome_Account_User.Tax_Round_Off_Validation">
    <skipped/>
  </testcase> <!-- Tax_Report_Method_viewPage -->
  <system-out/>
  <testcase name="online_Sale_Report_Tax_Validation" classname="epicList_Chrome_Account_User.Tax_Round_Off_Validation">
    <skipped/>
  </testcase> <!-- online_Sale_Report_Tax_Validation -->
  <system-out/>
  <testcase name="Department_Sale_Tax_Validation" classname="epicList_Chrome_Account_User.Tax_Round_Off_Validation">
    <skipped/>
  </testcase> <!-- Department_Sale_Tax_Validation -->
  <system-out/>
  <testcase name="SaleRecap_Sale_Report_Tax_Validation" classname="epicList_Chrome_Account_User.Tax_Round_Off_Validation">
    <skipped/>
  </testcase> <!-- SaleRecap_Sale_Report_Tax_Validation -->
  <system-out/>
  <testcase name="SaleSummary_Sale_Report_Tax_Validation" classname="epicList_Chrome_Account_User.Tax_Round_Off_Validation">
    <skipped/>
  </testcase> <!-- SaleSummary_Sale_Report_Tax_Validation -->
  <system-out/>
  <testcase name="Modifier_Sale_Report_Tax_Validation" classname="epicList_Chrome_Account_User.Tax_Round_Off_Validation">
    <skipped/>
  </testcase> <!-- Modifier_Sale_Report_Tax_Validation -->
  <system-out/>
  <testcase name="Daily_Summary_Report_Tax_Validation" classname="epicList_Chrome_Account_User.Tax_Round_Off_Validation">
    <skipped/>
  </testcase> <!-- Daily_Summary_Report_Tax_Validation -->
  <system-out/>
  <testcase name="CategorySale_Sale_Report_Tax_Validation" classname="epicList_Chrome_Account_User.Tax_Round_Off_Validation">
    <skipped/>
  </testcase> <!-- CategorySale_Sale_Report_Tax_Validation -->
  <system-out/>
  <testcase name="HourlySale_Sale_Report_Tax_Validation" classname="epicList_Chrome_Account_User.Tax_Round_Off_Validation">
    <skipped/>
  </testcase> <!-- HourlySale_Sale_Report_Tax_Validation -->
  <system-out/>
  <testcase name="MenuItemSale_Sale_Report_Tax_Validation" classname="epicList_Chrome_Account_User.Tax_Round_Off_Validation">
    <skipped/>
  </testcase> <!-- MenuItemSale_Sale_Report_Tax_Validation -->
  <system-out/>
  <testcase name="Comparision_Report_Tax_Validation" classname="epicList_Chrome_Account_User.Tax_Round_Off_Validation">
    <skipped/>
  </testcase> <!-- Comparision_Report_Tax_Validation -->
  <system-out/>
  <testcase name="Cashier_Sale_Report_Tax_Validation" classname="epicList_Chrome_Account_User.Tax_Round_Off_Validation">
    <skipped/>
  </testcase> <!-- Cashier_Sale_Report_Tax_Validation -->
  <system-out/>
</testsuite> <!-- epicList_Chrome_Account_User.Tax_Round_Off_Validation -->
