<?xml version="1.0" encoding="UTF-8"?>
<!-- Generated by org.testng.reporters.JUnitReportReporter -->
<testsuite hostname="Sudharsan-QA-Laptop-IN" failures="0" tests="3" name="epicList_Chrome_Account_User.Compare_Inventory_Report_2" time="272.726" errors="0" timestamp="12 Sep 2022 10:34:33 GMT">
  <testcase classname="epicList_Chrome_Account_User.Compare_Inventory_Report_2" name="logout" time="13.346"/>
  <testcase classname="epicList_Chrome_Account_User.Compare_Inventory_Report_2" name="login" time="75.807"/>
  <testcase classname="epicList_Chrome_Account_User.Compare_Inventory_Report_2" name="calling" time="183.573"/>
</testsuite> <!-- epicList_Chrome_Account_User.Compare_Inventory_Report_2 -->
