<?xml version="1.0" encoding="UTF-8"?>
<!-- Generated by org.testng.reporters.JUnitReportReporter -->
<testsuite skipped="14" hostname="developerpc-11" name="epicList_Chrome_Account_User.Tax_Round_Off_Validation_Enterprise_Level_User" tests="18" failures="0" timestamp="2022-05-26T17:39:18 IST" time="1062.048" errors="0">
  <testcase name="login" time="145.689" classname="epicList_Chrome_Account_User.Tax_Round_Off_Validation_Enterprise_Level_User"/>
  <system-out/>
  <testcase name="Start_Reports" time="32.214" classname="epicList_Chrome_Account_User.Tax_Round_Off_Validation_Enterprise_Level_User"/>
  <system-out/>
  <testcase name="calling" time="840.236" classname="epicList_Chrome_Account_User.Tax_Round_Off_Validation_Enterprise_Level_User"/>
  <system-out/>
  <testcase name="logout" time="43.909" classname="epicList_Chrome_Account_User.Tax_Round_Off_Validation_Enterprise_Level_User"/>
  <system-out/>
  <testcase name="Enterprise_Sale_Summary_Report_Tax_Validation_Stores" classname="epicList_Chrome_Account_User.Tax_Round_Off_Validation_Enterprise_Level_User">
    <skipped/>
  </testcase> <!-- Enterprise_Sale_Summary_Report_Tax_Validation_Stores -->
  <system-out/>
  <testcase name="Enterprise_SaleRecap_Report_Tax_Validation_Stores" classname="epicList_Chrome_Account_User.Tax_Round_Off_Validation_Enterprise_Level_User">
    <skipped/>
  </testcase> <!-- Enterprise_SaleRecap_Report_Tax_Validation_Stores -->
  <system-out/>
  <testcase name="Enterprise_Modifier_Sale_Report_Tax_Validation_Stores" classname="epicList_Chrome_Account_User.Tax_Round_Off_Validation_Enterprise_Level_User">
    <skipped/>
  </testcase> <!-- Enterprise_Modifier_Sale_Report_Tax_Validation_Stores -->
  <system-out/>
  <testcase name="Enterprise_Report_Tax_Validation_Stores" classname="epicList_Chrome_Account_User.Tax_Round_Off_Validation_Enterprise_Level_User">
    <skipped/>
  </testcase> <!-- Enterprise_Report_Tax_Validation_Stores -->
  <system-out/>
  <testcase name="Tax_Report_Method_viewPage" classname="epicList_Chrome_Account_User.Tax_Round_Off_Validation_Enterprise_Level_User">
    <skipped/>
  </testcase> <!-- Tax_Report_Method_viewPage -->
  <system-out/>
  <testcase name="Enterprise_Cashier_Out_Report_Tax_Validation_Stores" classname="epicList_Chrome_Account_User.Tax_Round_Off_Validation_Enterprise_Level_User">
    <skipped/>
  </testcase> <!-- Enterprise_Cashier_Out_Report_Tax_Validation_Stores -->
  <system-out/>
  <testcase name="Enterprise_Sub_Category_Report_Tax_Validation_Stores" classname="epicList_Chrome_Account_User.Tax_Round_Off_Validation_Enterprise_Level_User">
    <skipped/>
  </testcase> <!-- Enterprise_Sub_Category_Report_Tax_Validation_Stores -->
  <system-out/>
  <testcase name="Enterprise_Menu_Item_Sale_Report_Tax_Validation_Stores" classname="epicList_Chrome_Account_User.Tax_Round_Off_Validation_Enterprise_Level_User">
    <skipped/>
  </testcase> <!-- Enterprise_Menu_Item_Sale_Report_Tax_Validation_Stores -->
  <system-out/>
  <testcase name="Tax_Report_Method_verify" classname="epicList_Chrome_Account_User.Tax_Round_Off_Validation_Enterprise_Level_User">
    <skipped/>
  </testcase> <!-- Tax_Report_Method_verify -->
  <system-out/>
  <testcase name="Enterprise_Category_Report_Tax_Validation_Stores" classname="epicList_Chrome_Account_User.Tax_Round_Off_Validation_Enterprise_Level_User">
    <skipped/>
  </testcase> <!-- Enterprise_Category_Report_Tax_Validation_Stores -->
  <system-out/>
  <testcase name="Enterprise_Daily_Sale_Report_Tax_Validation_Stores" classname="epicList_Chrome_Account_User.Tax_Round_Off_Validation_Enterprise_Level_User">
    <skipped/>
  </testcase> <!-- Enterprise_Daily_Sale_Report_Tax_Validation_Stores -->
  <system-out/>
  <testcase name="Enterprise_Hourly_Sale_Report_Tax_Validation_Stores" classname="epicList_Chrome_Account_User.Tax_Round_Off_Validation_Enterprise_Level_User">
    <skipped/>
  </testcase> <!-- Enterprise_Hourly_Sale_Report_Tax_Validation_Stores -->
  <system-out/>
  <testcase name="Enterprise_Report_openpage" classname="epicList_Chrome_Account_User.Tax_Round_Off_Validation_Enterprise_Level_User">
    <skipped/>
  </testcase> <!-- Enterprise_Report_openpage -->
  <system-out/>
  <testcase name="Enterprise_Department_Report_Tax_Validation_Stores" classname="epicList_Chrome_Account_User.Tax_Round_Off_Validation_Enterprise_Level_User">
    <skipped/>
  </testcase> <!-- Enterprise_Department_Report_Tax_Validation_Stores -->
  <system-out/>
</testsuite> <!-- epicList_Chrome_Account_User.Tax_Round_Off_Validation_Enterprise_Level_User -->
