<?xml version="1.0" encoding="UTF-8"?>
<!-- Generated by org.testng.reporters.JUnitReportReporter -->
<testsuite hostname="Sudharsan-QA-Laptop-IN" failures="0" tests="4" name="epicList_Chrome_Account_User.Daily_Summary_Report_Validation" time="339.290" errors="0" timestamp="30 Nov 2022 08:47:04 GMT">
  <testcase classname="epicList_Chrome_Account_User.Daily_Summary_Report_Validation" name="Start_Reports" time="32.056"/>
  <testcase classname="epicList_Chrome_Account_User.Daily_Summary_Report_Validation" name="calling" time="84.326"/>
  <testcase classname="epicList_Chrome_Account_User.Daily_Summary_Report_Validation" name="logout" time="43.712"/>
  <testcase classname="epicList_Chrome_Account_User.Daily_Summary_Report_Validation" name="login" time="179.196"/>
</testsuite> <!-- epicList_Chrome_Account_User.Daily_Summary_Report_Validation -->
