<?xml version="1.0" encoding="UTF-8"?>
<!-- Generated by org.testng.reporters.JUnitReportReporter -->
<testsuite skipped="5" hostname="developerpc-11" name="epicList_Chrome_Account_User.Verify_SubCategorySale_Report" tests="8" failures="0" timestamp="2022-05-10T16:37:10 IST" time="356.874" errors="0">
  <testcase name="login" time="113.895" classname="epicList_Chrome_Account_User.Verify_SubCategorySale_Report"/>
  <system-out/>
  <testcase name="calling" time="229.403" classname="epicList_Chrome_Account_User.Verify_SubCategorySale_Report"/>
  <system-out/>
  <testcase name="logout" time="13.576" classname="epicList_Chrome_Account_User.Verify_SubCategorySale_Report"/>
  <system-out/>
  <testcase name="Sub_Category_Sale_method__OpenPageReport" classname="epicList_Chrome_Account_User.Verify_SubCategorySale_Report">
    <skipped/>
  </testcase> <!-- Sub_Category_Sale_method__OpenPageReport -->
  <system-out/>
  <testcase name="Sub_Category_Sale_method_For_Specific_Date_With_Quantity_And_With_Dynamic_Report" classname="epicList_Chrome_Account_User.Verify_SubCategorySale_Report">
    <skipped/>
  </testcase> <!-- Sub_Category_Sale_method_For_Specific_Date_With_Quantity_And_With_Dynamic_Report -->
  <system-out/>
  <testcase name="Sub_Category_Sale_method_For_Specific_Date" classname="epicList_Chrome_Account_User.Verify_SubCategorySale_Report">
    <skipped/>
  </testcase> <!-- Sub_Category_Sale_method_For_Specific_Date -->
  <system-out/>
  <testcase name="Sub_Category_Sale_method_For_Specific_Date_With_Quantity_Sort" classname="epicList_Chrome_Account_User.Verify_SubCategorySale_Report">
    <skipped/>
  </testcase> <!-- Sub_Category_Sale_method_For_Specific_Date_With_Quantity_Sort -->
  <system-out/>
  <testcase name="Sub_Category_Sale_method_For_Specific_Date_WithOut_Quantity_Sort_With_Dynamic_Report" classname="epicList_Chrome_Account_User.Verify_SubCategorySale_Report">
    <skipped/>
  </testcase> <!-- Sub_Category_Sale_method_For_Specific_Date_WithOut_Quantity_Sort_With_Dynamic_Report -->
  <system-out/>
</testsuite> <!-- epicList_Chrome_Account_User.Verify_SubCategorySale_Report -->
