<?xml version="1.0" encoding="UTF-8"?>
<!-- Generated by org.testng.reporters.JUnitReportReporter -->
<testsuite skipped="8" hostname="developerpc-11" name="epicList_Chrome_Account_User.AddEditDelete_TareGroup" tests="11" failures="0" timestamp="2022-04-28T04:21:19 PDT" time="352.277" errors="0">
  <testcase name="login" time="128.360" classname="epicList_Chrome_Account_User.AddEditDelete_TareGroup"/>
  <system-out/>
  <testcase name="calling" time="212.284" classname="epicList_Chrome_Account_User.AddEditDelete_TareGroup"/>
  <system-out/>
  <testcase name="logout" time="11.633" classname="epicList_Chrome_Account_User.AddEditDelete_TareGroup"/>
  <system-out/>
  <testcase name="Tare_Group_method_deleteTareGroup" classname="epicList_Chrome_Account_User.AddEditDelete_TareGroup">
    <skipped/>
  </testcase> <!-- Tare_Group_method_deleteTareGroup -->
  <system-out/>
  <testcase name="Tare_Group_method_verifyActive_InActiveButton" classname="epicList_Chrome_Account_User.AddEditDelete_TareGroup">
    <skipped/>
  </testcase> <!-- Tare_Group_method_verifyActive_InActiveButton -->
  <system-out/>
  <testcase name="Tare_Group_method_sameName" classname="epicList_Chrome_Account_User.AddEditDelete_TareGroup">
    <skipped/>
  </testcase> <!-- Tare_Group_method_sameName -->
  <system-out/>
  <testcase name="Tare_Group_method_cancelButton" classname="epicList_Chrome_Account_User.AddEditDelete_TareGroup">
    <skipped/>
  </testcase> <!-- Tare_Group_method_cancelButton -->
  <system-out/>
  <testcase name="Tare_Group_method_editTareGroup" classname="epicList_Chrome_Account_User.AddEditDelete_TareGroup">
    <skipped/>
  </testcase> <!-- Tare_Group_method_editTareGroup -->
  <system-out/>
  <testcase name="Tare_Group_method_refreshTareGroupPage" classname="epicList_Chrome_Account_User.AddEditDelete_TareGroup">
    <skipped/>
  </testcase> <!-- Tare_Group_method_refreshTareGroupPage -->
  <system-out/>
  <testcase name="Tare_Group_method_addTareGroup" classname="epicList_Chrome_Account_User.AddEditDelete_TareGroup">
    <skipped/>
  </testcase> <!-- Tare_Group_method_addTareGroup -->
  <system-out/>
  <testcase name="Tare_Group_method_openTareGroupPage" classname="epicList_Chrome_Account_User.AddEditDelete_TareGroup">
    <skipped/>
  </testcase> <!-- Tare_Group_method_openTareGroupPage -->
  <system-out/>
</testsuite> <!-- epicList_Chrome_Account_User.AddEditDelete_TareGroup -->
