<?xml version="1.0" encoding="UTF-8"?>
<!-- Generated by org.testng.reporters.JUnitReportReporter -->
<testsuite skipped="13" hostname="developerpc-11" name="epicList_Chrome_Account_User.AddEditDelete_ProductItem_MenuItem" tests="16" failures="0" timestamp="2022-04-28T17:40:55 IST" time="533.281" errors="1">
  <testcase name="login" time="128.084" classname="epicList_Chrome_Account_User.AddEditDelete_ProductItem_MenuItem"/>
  <system-out/>
  <testcase name="calling" time="393.317" classname="epicList_Chrome_Account_User.AddEditDelete_ProductItem_MenuItem">
    <error type="org.openqa.selenium.NoSuchElementException" message="Cannot locate element with text: ADD GLASS
For documentation on this error, please visit: http://seleniumhq.org/exceptions/no_such_element.html
Build info: version: &#039;2.53.1&#039;, revision: &#039;a36b8b1cd5757287168e54b817830adce9b0158d&#039;, time: &#039;2016-06-30 19:26:09&#039;
System info: host: &#039;developerpc-11&#039;, ip: &#039;10.10.180.39&#039;, os.name: &#039;Windows 8.1&#039;, os.arch: &#039;amd64&#039;, os.version: &#039;6.3&#039;, java.version: &#039;1.8.0_172&#039;
Driver info: driver.version: unknown">
      <![CDATA[org.openqa.selenium.NoSuchElementException: Cannot locate element with text: ADD GLASS
For documentation on this error, please visit: http://seleniumhq.org/exceptions/no_such_element.html
Build info: version: '2.53.1', revision: 'a36b8b1cd5757287168e54b817830adce9b0158d', time: '2016-06-30 19:26:09'
System info: host: 'developerpc-11', ip: '10.10.180.39', os.name: 'Windows 8.1', os.arch: 'amd64', os.version: '6.3', java.version: '1.8.0_172'
Driver info: driver.version: unknown
at org.openqa.selenium.support.ui.Select.selectByVisibleText(Select.java:150)
at epicList_Chrome_Account_User.AddEditDelete_ProductItem_MenuItem.Product_And_Item_method_addMenuItem(AddEditDelete_ProductItem_MenuItem.java:851)
at epicList_Chrome_Account_User.AddEditDelete_ProductItem_MenuItem.calling(AddEditDelete_ProductItem_MenuItem.java:160)
at sun.reflect.NativeMethodAccessorImpl.invoke0(Native Method)
at sun.reflect.NativeMethodAccessorImpl.invoke(NativeMethodAccessorImpl.java:62)
at sun.reflect.DelegatingMethodAccessorImpl.invoke(DelegatingMethodAccessorImpl.java:43)
at java.lang.reflect.Method.invoke(Method.java:498)
at org.testng.internal.MethodInvocationHelper.invokeMethod(MethodInvocationHelper.java:134)
at org.testng.internal.TestInvoker.invokeMethod(TestInvoker.java:597)
at org.testng.internal.TestInvoker.invokeTestMethod(TestInvoker.java:173)
at org.testng.internal.MethodRunner.runInSequence(MethodRunner.java:46)
at org.testng.internal.TestInvoker$MethodInvocationAgent.invoke(TestInvoker.java:816)
at org.testng.internal.TestInvoker.invokeTestMethods(TestInvoker.java:146)
at org.testng.internal.TestMethodWorker.invokeTestMethods(TestMethodWorker.java:146)
at org.testng.internal.TestMethodWorker.run(TestMethodWorker.java:128)
at java.util.ArrayList.forEach(ArrayList.java:1257)
at org.testng.TestRunner.privateRun(TestRunner.java:766)
at org.testng.TestRunner.run(TestRunner.java:587)
at org.testng.SuiteRunner.runTest(SuiteRunner.java:384)
at org.testng.SuiteRunner.runSequentially(SuiteRunner.java:378)
at org.testng.SuiteRunner.privateRun(SuiteRunner.java:337)
at org.testng.SuiteRunner.run(SuiteRunner.java:286)
at org.testng.SuiteRunnerWorker.runSuite(SuiteRunnerWorker.java:53)
at org.testng.SuiteRunnerWorker.run(SuiteRunnerWorker.java:96)
at org.testng.TestNG.runSuitesSequentially(TestNG.java:1187)
at org.testng.TestNG.runSuitesLocally(TestNG.java:1109)
at org.testng.TestNG.runSuites(TestNG.java:1039)
at org.testng.TestNG.run(TestNG.java:1007)
at org.testng.remote.AbstractRemoteTestNG.run(AbstractRemoteTestNG.java:115)
at org.testng.remote.RemoteTestNG.initAndRun(RemoteTestNG.java:251)
at org.testng.remote.RemoteTestNG.main(RemoteTestNG.java:77)
]]>
    </error>
  </testcase> <!-- calling -->
  <system-out/>
  <testcase name="logout" time="11.880" classname="epicList_Chrome_Account_User.AddEditDelete_ProductItem_MenuItem"/>
  <system-out/>
  <testcase name="Product_And_Item_method_editMenuItem" classname="epicList_Chrome_Account_User.AddEditDelete_ProductItem_MenuItem">
    <skipped/>
  </testcase> <!-- Product_And_Item_method_editMenuItem -->
  <system-out/>
  <testcase name="Product_And_Item_method_cancelMenuItemByCopyMenuItem_Mandatory_Modifier" classname="epicList_Chrome_Account_User.AddEditDelete_ProductItem_MenuItem">
    <skipped/>
  </testcase> <!-- Product_And_Item_method_cancelMenuItemByCopyMenuItem_Mandatory_Modifier -->
  <system-out/>
  <testcase name="Product_And_Item_method_deleteMenuItem" classname="epicList_Chrome_Account_User.AddEditDelete_ProductItem_MenuItem">
    <skipped/>
  </testcase> <!-- Product_And_Item_method_deleteMenuItem -->
  <system-out/>
  <testcase name="Product_And_Item_method_cancelMenuItemByCopyMenuItem_Basic" classname="epicList_Chrome_Account_User.AddEditDelete_ProductItem_MenuItem">
    <skipped/>
  </testcase> <!-- Product_And_Item_method_cancelMenuItemByCopyMenuItem_Basic -->
  <system-out/>
  <testcase name="Product_And_Item_method_addMenuItemByCopyMenuItem" classname="epicList_Chrome_Account_User.AddEditDelete_ProductItem_MenuItem">
    <skipped/>
  </testcase> <!-- Product_And_Item_method_addMenuItemByCopyMenuItem -->
  <system-out/>
  <testcase name="Product_And_Item_method_saveAndContinueMenuItemByCopyMenuItem" classname="epicList_Chrome_Account_User.AddEditDelete_ProductItem_MenuItem">
    <skipped/>
  </testcase> <!-- Product_And_Item_method_saveAndContinueMenuItemByCopyMenuItem -->
  <system-out/>
  <testcase name="Product_And_Item_method_refreshMenuItemPage" classname="epicList_Chrome_Account_User.AddEditDelete_ProductItem_MenuItem">
    <skipped/>
  </testcase> <!-- Product_And_Item_method_refreshMenuItemPage -->
  <system-out/>
  <testcase name="Product_And_Item_method_pagination" classname="epicList_Chrome_Account_User.AddEditDelete_ProductItem_MenuItem">
    <skipped/>
  </testcase> <!-- Product_And_Item_method_pagination -->
  <system-out/>
  <testcase name="Product_And_Item_method_cancelMenuItemByCopyMenuItem_Included_Modifiers" classname="epicList_Chrome_Account_User.AddEditDelete_ProductItem_MenuItem">
    <skipped/>
  </testcase> <!-- Product_And_Item_method_cancelMenuItemByCopyMenuItem_Included_Modifiers -->
  <system-out/>
  <testcase name="Product_And_Item_method_openProductsItems" classname="epicList_Chrome_Account_User.AddEditDelete_ProductItem_MenuItem">
    <skipped/>
  </testcase> <!-- Product_And_Item_method_openProductsItems -->
  <system-out/>
  <testcase name="Product_And_Item_method_addMenuItem" classname="epicList_Chrome_Account_User.AddEditDelete_ProductItem_MenuItem">
    <skipped/>
  </testcase> <!-- Product_And_Item_method_addMenuItem -->
  <system-out/>
  <testcase name="Product_And_Item_method_saveMenuItemByCopyMenuItem" classname="epicList_Chrome_Account_User.AddEditDelete_ProductItem_MenuItem">
    <skipped/>
  </testcase> <!-- Product_And_Item_method_saveMenuItemByCopyMenuItem -->
  <system-out/>
  <testcase name="Product_And_Item_method_cancelMenuItemByCopyMenuItem_Optional_Modifier_Groups" classname="epicList_Chrome_Account_User.AddEditDelete_ProductItem_MenuItem">
    <skipped/>
  </testcase> <!-- Product_And_Item_method_cancelMenuItemByCopyMenuItem_Optional_Modifier_Groups -->
  <system-out/>
</testsuite> <!-- epicList_Chrome_Account_User.AddEditDelete_ProductItem_MenuItem -->
