<?xml version="1.0" encoding="UTF-8"?>
<!-- Generated by org.testng.reporters.JUnitReportReporter -->
<testsuite hostname="Sudharsan-QA-Laptop-IN" failures="0" tests="4" name="epicList_Chrome_Account_User.Discount_Report_Tax_Validation" time="2346.847" errors="0" timestamp="8 Dec 2022 09:00:25 GMT">
  <testcase classname="epicList_Chrome_Account_User.Discount_Report_Tax_Validation" name="calling" time="2075.001"/>
  <testcase classname="epicList_Chrome_Account_User.Discount_Report_Tax_Validation" name="Start_Reports" time="32.113"/>
  <testcase classname="epicList_Chrome_Account_User.Discount_Report_Tax_Validation" name="login" time="195.953"/>
  <testcase classname="epicList_Chrome_Account_User.Discount_Report_Tax_Validation" name="logout" time="43.780"/>
</testsuite> <!-- epicList_Chrome_Account_User.Discount_Report_Tax_Validation -->
